<?xml version="1.0" encoding="UTF-8"?>
<!-- Generated by org.testng.reporters.JUnitXMLReporter -->
<testsuite ignored="0" hostname="Muneers-MacBook-Pro.local" failures="2" tests="13" name="Surefire test" time="193.581" errors="0" timestamp="2020-10-07T19:01:43 EDT">
  <testcase classname="io.cucumber.testng.AbstractTestNGCucumberTests" name="runScenario" time="17.24"/>
  <testcase classname="io.cucumber.testng.AbstractTestNGCucumberTests" name="runScenario" time="9.831"/>
  <testcase classname="io.cucumber.testng.AbstractTestNGCucumberTests" name="runScenario" time="9.793"/>
  <testcase classname="io.cucumber.testng.AbstractTestNGCucumberTests" name="runScenario" time="13.396"/>
  <testcase classname="io.cucumber.testng.AbstractTestNGCucumberTests" name="runScenario" time="9.818"/>
  <testcase classname="io.cucumber.testng.AbstractTestNGCucumberTests" name="runScenario" time="9.397"/>
  <testcase classname="io.cucumber.testng.AbstractTestNGCucumberTests" name="runScenario" time="9.674"/>
  <testcase classname="io.cucumber.testng.AbstractTestNGCucumberTests" name="runScenario" time="33.601"/>
  <testcase classname="io.cucumber.testng.AbstractTestNGCucumberTests" name="runScenario" time="20.535"/>
  <testcase classname="io.cucumber.testng.AbstractTestNGCucumberTests" name="runScenario" time="19.823"/>
  <testcase classname="io.cucumber.testng.AbstractTestNGCucumberTests" name="runScenario" time="9.596">
    <failure type="java.lang.AssertionError" message="expected [0] but found [92]">
      <![CDATA[java.lang.AssertionError: expected [0] but found [92]
at UI_Selenium.step_defs.TLA_6_AllTopicsTest.iVerifyThatAllTopicDashboadDoesNotContains(TLA_6_AllTopicsTest.java:82)
at ✽.I verify that AllTopic dashboad does not contains "1234566788 1234567??"(file:///Users/muneerhussainy/Desktop/DynamicDevelopers/src/test/resources/features/UI/TLA_6_AllTopics.feature:34)
... Removed 6 stack frames]]>
    </failure>
  </testcase> <!-- runScenario -->
  <testcase classname="io.cucumber.testng.AbstractTestNGCucumberTests" name="runScenario" time="11.46">
    <failure type="java.lang.AssertionError" message="expected [0] but found [92]">
      <![CDATA[java.lang.AssertionError: expected [0] but found [92]
at UI_Selenium.step_defs.TLA_6_AllTopicsTest.iVerifyThatAllTopicDashboadDoesNotContains(TLA_6_AllTopicsTest.java:82)
at ✽.I verify that AllTopic dashboad does not contains "what is your name 342344?"(file:///Users/muneerhussainy/Desktop/DynamicDevelopers/src/test/resources/features/UI/TLA_6_AllTopics.feature:34)
... Removed 6 stack frames]]>
    </failure>
  </testcase> <!-- runScenario -->
  <testcase classname="io.cucumber.testng.AbstractTestNGCucumberTests" name="runScenario" time="18.957"/>
</testsuite> <!-- Surefire test -->
